Performing C SOURCE FILE Test CMAKE_HAVE_LIBC_PTHREAD failed with the following output:
Change Dir: /home/mrjohd/MotionPlanning_ws/src/DynamicMotionPlanning/DynaMoP/cmake-build-debug/CMakeFiles/CMakeTmp

Run Build Command(s):/usr/bin/make cmTC_c3daf/fast && /usr/bin/make -f CMakeFiles/cmTC_c3daf.dir/build.make CMakeFiles/cmTC_c3daf.dir/build
make[1]: 디렉터리 '/home/mrjohd/MotionPlanning_ws/src/DynamicMotionPlanning/DynaMoP/cmake-build-debug/CMakeFiles/CMakeTmp' 들어감
Building C object CMakeFiles/cmTC_c3daf.dir/src.c.o
/usr/bin/cc   -DCMAKE_HAVE_LIBC_PTHREAD   -o CMakeFiles/cmTC_c3daf.dir/src.c.o   -c /home/mrjohd/MotionPlanning_ws/src/DynamicMotionPlanning/DynaMoP/cmake-build-debug/CMakeFiles/CMakeTmp/src.c
Linking C executable cmTC_c3daf
/home/mrjohd/clion/bin/cmake/linux/bin/cmake -E cmake_link_script CMakeFiles/cmTC_c3daf.dir/link.txt --verbose=1
/usr/bin/cc  -DCMAKE_HAVE_LIBC_PTHREAD    -rdynamic CMakeFiles/cmTC_c3daf.dir/src.c.o  -o cmTC_c3daf 
CMakeFiles/cmTC_c3daf.dir/src.c.o: In function `main':
src.c:(.text+0x3e): undefined reference to `pthread_create'
src.c:(.text+0x4a): undefined reference to `pthread_detach'
src.c:(.text+0x5b): undefined reference to `pthread_join'
src.c:(.text+0x6f): undefined reference to `pthread_atfork'
collect2: error: ld returned 1 exit status
CMakeFiles/cmTC_c3daf.dir/build.make:86: recipe for target 'cmTC_c3daf' failed
make[1]: *** [cmTC_c3daf] Error 1
make[1]: 디렉터리 '/home/mrjohd/MotionPlanning_ws/src/DynamicMotionPlanning/DynaMoP/cmake-build-debug/CMakeFiles/CMakeTmp' 나감
Makefile:121: recipe for target 'cmTC_c3daf/fast' failed
make: *** [cmTC_c3daf/fast] Error 2


Source file was:
#include <pthread.h>

void* test_func(void* data)
{
  return data;
}

int main(void)
{
  pthread_t thread;
  pthread_create(&thread, NULL, test_func, NULL);
  pthread_detach(thread);
  pthread_join(thread, NULL);
  pthread_atfork(NULL, NULL, NULL);
  pthread_exit(NULL);

  return 0;
}

Determining if the function pthread_create exists in the pthreads failed with the following output:
Change Dir: /home/mrjohd/MotionPlanning_ws/src/DynamicMotionPlanning/DynaMoP/cmake-build-debug/CMakeFiles/CMakeTmp

Run Build Command(s):/usr/bin/make cmTC_51700/fast && /usr/bin/make -f CMakeFiles/cmTC_51700.dir/build.make CMakeFiles/cmTC_51700.dir/build
make[1]: 디렉터리 '/home/mrjohd/MotionPlanning_ws/src/DynamicMotionPlanning/DynaMoP/cmake-build-debug/CMakeFiles/CMakeTmp' 들어감
Building C object CMakeFiles/cmTC_51700.dir/CheckFunctionExists.c.o
/usr/bin/cc   -DCHECK_FUNCTION_EXISTS=pthread_create   -o CMakeFiles/cmTC_51700.dir/CheckFunctionExists.c.o   -c /home/mrjohd/clion/bin/cmake/linux/share/cmake-3.15/Modules/CheckFunctionExists.c
Linking C executable cmTC_51700
/home/mrjohd/clion/bin/cmake/linux/bin/cmake -E cmake_link_script CMakeFiles/cmTC_51700.dir/link.txt --verbose=1
/usr/bin/cc  -DCHECK_FUNCTION_EXISTS=pthread_create    -rdynamic CMakeFiles/cmTC_51700.dir/CheckFunctionExists.c.o  -o cmTC_51700 -lpthreads 
/usr/bin/ld: cannot find -lpthreads
collect2: error: ld returned 1 exit status
CMakeFiles/cmTC_51700.dir/build.make:86: recipe for target 'cmTC_51700' failed
make[1]: *** [cmTC_51700] Error 1
make[1]: 디렉터리 '/home/mrjohd/MotionPlanning_ws/src/DynamicMotionPlanning/DynaMoP/cmake-build-debug/CMakeFiles/CMakeTmp' 나감
Makefile:121: recipe for target 'cmTC_51700/fast' failed
make: *** [cmTC_51700/fast] Error 2



